TN:verilator_coverage
SF:src/alu.sv
DA:4,12
BRDA:4,0,0,10
BRDA:4,0,1,12
BRDA:4,0,2,12
BRDA:4,0,3,8
BRDA:4,0,4,0
BRDA:4,0,5,0
BRDA:4,0,6,0
BRDA:4,0,7,0
BRDA:4,0,8,0
BRDA:4,0,9,0
BRDA:4,0,10,0
BRDA:4,0,11,10
BRDA:4,0,12,0
BRDA:4,0,13,0
BRDA:4,0,14,0
BRDA:4,0,15,0
BRDA:4,0,16,0
BRDA:4,0,17,0
BRDA:4,0,18,0
BRDA:4,0,19,0
BRDA:4,0,20,0
BRDA:4,0,21,0
BRDA:4,0,22,8
BRDA:4,0,23,0
BRDA:4,0,24,10
BRDA:4,0,25,2
BRDA:4,0,26,12
BRDA:4,0,27,12
BRDA:4,0,28,12
BRDA:4,0,29,12
BRDA:4,0,30,12
BRDA:4,0,31,12
DA:5,10
BRDA:5,0,0,8
BRDA:5,0,1,10
BRDA:5,0,2,10
BRDA:5,0,3,4
BRDA:5,0,4,2
BRDA:5,0,5,2
BRDA:5,0,6,2
BRDA:5,0,7,2
BRDA:5,0,8,2
BRDA:5,0,9,2
BRDA:5,0,10,2
BRDA:5,0,11,10
BRDA:5,0,12,2
BRDA:5,0,13,2
BRDA:5,0,14,2
BRDA:5,0,15,2
BRDA:5,0,16,2
BRDA:5,0,17,2
BRDA:5,0,18,2
BRDA:5,0,19,2
BRDA:5,0,20,2
BRDA:5,0,21,2
BRDA:5,0,22,6
BRDA:5,0,23,2
BRDA:5,0,24,4
BRDA:5,0,25,2
BRDA:5,0,26,8
BRDA:5,0,27,10
BRDA:5,0,28,10
BRDA:5,0,29,10
BRDA:5,0,30,10
BRDA:5,0,31,10
DA:6,6
BRDA:6,0,0,2
BRDA:6,0,1,6
BRDA:6,0,2,2
BRDA:6,0,3,6
DA:8,12
BRDA:8,0,0,12
BRDA:8,0,1,10
BRDA:8,0,2,10
BRDA:8,0,3,2
BRDA:8,0,4,2
BRDA:8,0,5,0
BRDA:8,0,6,0
BRDA:8,0,7,0
BRDA:8,0,8,0
BRDA:8,0,9,0
BRDA:8,0,10,0
BRDA:8,0,11,8
BRDA:8,0,12,0
BRDA:8,0,13,0
BRDA:8,0,14,0
BRDA:8,0,15,0
BRDA:8,0,16,0
BRDA:8,0,17,0
BRDA:8,0,18,0
BRDA:8,0,19,0
BRDA:8,0,20,0
BRDA:8,0,21,0
BRDA:8,0,22,10
BRDA:8,0,23,0
BRDA:8,0,24,8
BRDA:8,0,25,6
BRDA:8,0,26,8
BRDA:8,0,27,10
BRDA:8,0,28,8
BRDA:8,0,29,10
BRDA:8,0,30,10
BRDA:8,0,31,10
DA:9,7
DA:15,2003
DA:16,2003
DA:17,1996
DA:18,3
DA:21,0
DA:22,0
DA:23,0
DA:27,2
DA:28,0
DA:31,0
DA:32,1
DA:33,1
DA:36,0
BRF:100
BRH:27
end_of_record
SF:src/decoder.sv
DA:5,4004
DA:6,14
BRDA:6,0,0,8
BRDA:6,0,1,6
BRDA:6,0,2,0
BRDA:6,0,3,0
BRDA:6,0,4,6
BRDA:6,0,5,6
BRDA:6,0,6,6
BRDA:6,0,7,2
BRDA:6,0,8,12
BRDA:6,0,9,2
BRDA:6,0,10,2
BRDA:6,0,11,8
BRDA:6,0,12,14
BRDA:6,0,13,10
BRDA:6,0,14,10
BRDA:6,0,15,2
BRDA:6,0,16,4
BRDA:6,0,17,6
BRDA:6,0,18,4
BRDA:6,0,19,2
BRDA:6,0,20,2
BRDA:6,0,21,2
BRDA:6,0,22,6
BRDA:6,0,23,2
BRDA:6,0,24,2
BRDA:6,0,25,4
BRDA:6,0,26,4
BRDA:6,0,27,4
BRDA:6,0,28,10
BRDA:6,0,29,8
BRDA:6,0,30,8
BRDA:6,0,31,10
DA:9,10
BRDA:9,0,0,8
BRDA:9,0,1,10
BRDA:9,0,2,6
BRDA:9,0,3,0
BRDA:9,0,4,0
DA:10,14
BRDA:10,0,0,14
BRDA:10,0,1,10
BRDA:10,0,2,10
BRDA:10,0,3,2
BRDA:10,0,4,4
DA:11,8
BRDA:11,0,0,8
BRDA:11,0,1,8
BRDA:11,0,2,6
BRDA:11,0,3,4
BRDA:11,0,4,4
DA:12,6
BRDA:12,0,0,4
BRDA:12,0,1,2
BRDA:12,0,2,2
BRDA:12,0,3,2
BRDA:12,0,4,2
BRDA:12,0,5,2
BRDA:12,0,6,2
BRDA:12,0,7,2
BRDA:12,0,8,2
BRDA:12,0,9,2
BRDA:12,0,10,2
BRDA:12,0,11,2
BRDA:12,0,12,2
BRDA:12,0,13,2
BRDA:12,0,14,2
BRDA:12,0,15,2
BRDA:12,0,16,2
BRDA:12,0,17,2
BRDA:12,0,18,2
BRDA:12,0,19,2
BRDA:12,0,20,2
BRDA:12,0,21,2
BRDA:12,0,22,6
BRDA:12,0,23,2
BRDA:12,0,24,2
BRDA:12,0,25,4
BRDA:12,0,26,6
BRDA:12,0,27,6
BRDA:12,0,28,4
BRDA:12,0,29,2
BRDA:12,0,30,2
BRDA:12,0,31,2
DA:15,10
DA:16,8
DA:17,0
DA:18,6
BRDA:18,0,0,2
BRDA:18,0,1,6
BRDA:18,0,2,2
BRDA:18,0,3,6
DA:19,4
DA:20,4
BRDA:20,0,0,4
BRDA:20,0,1,4
DA:21,4
DA:22,4
BRDA:22,0,0,0
BRDA:22,0,1,0
BRDA:22,0,2,4
DA:23,2
DA:24,0
DA:28,12
BRDA:28,0,0,6
BRDA:28,0,1,6
BRDA:28,0,2,6
BRDA:28,0,3,2
BRDA:28,0,4,12
BRDA:28,0,5,2
BRDA:28,0,6,2
DA:29,10
BRDA:29,0,0,4
BRDA:29,0,1,10
BRDA:29,0,2,8
DA:38,2003
DA:40,2003
DA:41,2003
DA:42,2003
DA:43,2003
DA:44,2003
DA:45,2003
DA:46,2003
DA:47,2003
DA:48,2003
DA:49,2003
DA:50,2003
DA:53,2003
DA:56,1
DA:57,1
DA:58,1
DA:59,1
DA:63,0
DA:64,0
DA:65,0
DA:66,0
DA:67,0
DA:68,0
DA:69,0
DA:73,1
DA:74,1
DA:75,1
DA:76,1
DA:77,1
DA:81,0
DA:82,0
DA:83,0
DA:84,0
DA:85,0
DA:86,0
DA:90,2
DA:91,2
DA:92,2
DA:93,2
DA:94,2
DA:95,2
DA:99,1
DA:100,1
DA:101,1
DA:102,1
DA:103,1
DA:104,1
DA:108,2
DA:109,2
DA:110,2
DA:111,2
DA:112,2
DA:116,5
DA:117,5
DA:118,5
DA:119,5
DA:122,2002
BRDA:122,0,0,0
BRDA:122,0,1,5
BRDA:122,0,2,2002
BRDA:122,0,3,1
BRDA:122,0,4,0
DA:123,0
DA:124,5
DA:125,5
DA:129,5
DA:130,5
DA:131,0
DA:132,0
DA:133,0
DA:134,0
DA:135,0
DA:136,0
DA:137,0
DA:138,0
DA:139,0
DA:140,0
BRDA:140,0,0,0
BRDA:140,0,1,0
DA:141,0
DA:143,0
DA:148,9
DA:149,9
DA:150,9
DA:151,9
DA:153,9
DA:154,5
DA:155,4
DA:156,1
BRDA:156,0,0,1
BRDA:156,0,1,0
DA:158,0
BRDA:158,0,0,0
BRDA:158,0,1,0
BRDA:158,0,2,0
DA:159,2
BRDA:159,0,0,2
BRDA:159,0,1,2
BRDA:159,0,2,0
DA:160,0
BRDA:160,0,0,0
BRDA:160,0,1,0
BRDA:160,0,2,0
DA:161,0
BRDA:161,0,0,0
BRDA:161,0,1,0
BRDA:161,0,2,0
DA:162,0
DA:163,0
DA:164,0
BRDA:164,0,0,0
BRDA:164,0,1,0
DA:166,1
BRDA:166,0,0,1
BRDA:166,0,1,1
BRDA:166,0,2,0
DA:167,1
BRDA:167,0,0,1
BRDA:167,0,1,1
BRDA:167,0,2,0
DA:168,0
DA:172,1982
BRF:127
BRH:13
end_of_record
SF:src/pkg/descrambler.sv
DA:4,14
BRDA:4,0,0,8
BRDA:4,0,1,6
BRDA:4,0,2,0
BRDA:4,0,3,0
BRDA:4,0,4,6
BRDA:4,0,5,6
BRDA:4,0,6,6
BRDA:4,0,7,2
BRDA:4,0,8,12
BRDA:4,0,9,2
BRDA:4,0,10,2
BRDA:4,0,11,8
BRDA:4,0,12,14
BRDA:4,0,13,10
BRDA:4,0,14,10
BRDA:4,0,15,2
BRDA:4,0,16,4
BRDA:4,0,17,6
BRDA:4,0,18,4
BRDA:4,0,19,2
BRDA:4,0,20,2
BRDA:4,0,21,2
BRDA:4,0,22,6
BRDA:4,0,23,2
BRDA:4,0,24,2
BRDA:4,0,25,4
BRDA:4,0,26,4
BRDA:4,0,27,4
BRDA:4,0,28,10
BRDA:4,0,29,8
BRDA:4,0,30,8
BRDA:4,0,31,10
DA:5,14
BRDA:5,0,0,2
BRDA:5,0,1,4
BRDA:5,0,2,4
BRDA:5,0,3,4
BRDA:5,0,4,10
BRDA:5,0,5,2
BRDA:5,0,6,8
BRDA:5,0,7,10
BRDA:5,0,8,6
BRDA:5,0,9,0
BRDA:5,0,10,0
BRDA:5,0,11,2
BRDA:5,0,12,14
BRDA:5,0,13,10
BRDA:5,0,14,10
BRDA:5,0,15,2
BRDA:5,0,16,4
BRDA:5,0,17,6
BRDA:5,0,18,4
BRDA:5,0,19,2
BRDA:5,0,20,2
BRDA:5,0,21,2
BRDA:5,0,22,4
BRDA:5,0,23,4
BRDA:5,0,24,2
BRDA:5,0,25,2
BRDA:5,0,26,12
BRDA:5,0,27,6
BRDA:5,0,28,6
BRDA:5,0,29,8
BRDA:5,0,30,8
BRDA:5,0,31,6
DA:8,2003
DA:9,2003
DA:12,2003
DA:13,2003
DA:15,2003
DA:16,2003
DA:17,2003
DA:18,2003
DA:19,2003
DA:20,2003
DA:21,2003
DA:22,2003
DA:24,2003
DA:25,2003
DA:26,2003
DA:28,2003
DA:29,1
DA:30,0
DA:31,1
DA:32,0
DA:33,2
DA:34,0
DA:35,0
DA:36,0
DA:37,0
DA:38,0
DA:39,0
DA:40,0
DA:41,1
DA:42,0
DA:43,0
DA:44,0
DA:45,0
DA:46,2
DA:47,5
DA:48,0
DA:49,0
DA:50,0
DA:51,0
DA:52,0
DA:53,0
DA:54,0
DA:55,0
DA:56,4
DA:57,1
DA:58,0
DA:59,2
DA:60,0
DA:61,0
DA:62,0
DA:63,0
DA:64,1
DA:65,1
DA:66,1982
DA:68,1982
DA:72,2003
BRF:64
BRH:12
end_of_record
SF:src/register_file.sv
DA:4,4004
DA:5,1
DA:6,10
DA:8,10
BRDA:8,0,0,8
BRDA:8,0,1,10
BRDA:8,0,2,6
BRDA:8,0,3,0
BRDA:8,0,4,0
DA:9,14
BRDA:9,0,0,14
BRDA:9,0,1,10
BRDA:9,0,2,10
BRDA:9,0,3,2
BRDA:9,0,4,4
DA:10,8
BRDA:10,0,0,8
BRDA:10,0,1,8
BRDA:10,0,2,6
BRDA:10,0,3,4
BRDA:10,0,4,4
DA:12,14
BRDA:12,0,0,14
BRDA:12,0,1,10
BRDA:12,0,2,10
BRDA:12,0,3,6
BRDA:12,0,4,2
BRDA:12,0,5,0
BRDA:12,0,6,0
BRDA:12,0,7,0
BRDA:12,0,8,0
BRDA:12,0,9,0
BRDA:12,0,10,0
BRDA:12,0,11,8
BRDA:12,0,12,0
BRDA:12,0,13,0
BRDA:12,0,14,0
BRDA:12,0,15,0
BRDA:12,0,16,0
BRDA:12,0,17,0
BRDA:12,0,18,0
BRDA:12,0,19,0
BRDA:12,0,20,0
BRDA:12,0,21,0
BRDA:12,0,22,10
BRDA:12,0,23,0
BRDA:12,0,24,10
BRDA:12,0,25,6
BRDA:12,0,26,8
BRDA:12,0,27,10
BRDA:12,0,28,6
BRDA:12,0,29,10
BRDA:12,0,30,10
BRDA:12,0,31,10
DA:14,12
BRDA:14,0,0,10
BRDA:14,0,1,12
BRDA:14,0,2,12
BRDA:14,0,3,8
BRDA:14,0,4,0
BRDA:14,0,5,0
BRDA:14,0,6,0
BRDA:14,0,7,0
BRDA:14,0,8,0
BRDA:14,0,9,0
BRDA:14,0,10,0
BRDA:14,0,11,10
BRDA:14,0,12,0
BRDA:14,0,13,0
BRDA:14,0,14,0
BRDA:14,0,15,0
BRDA:14,0,16,0
BRDA:14,0,17,0
BRDA:14,0,18,0
BRDA:14,0,19,0
BRDA:14,0,20,0
BRDA:14,0,21,0
BRDA:14,0,22,8
BRDA:14,0,23,0
BRDA:14,0,24,10
BRDA:14,0,25,2
BRDA:14,0,26,12
BRDA:14,0,27,12
BRDA:14,0,28,12
BRDA:14,0,29,12
BRDA:14,0,30,12
BRDA:14,0,31,12
DA:15,10
BRDA:15,0,0,8
BRDA:15,0,1,10
BRDA:15,0,2,10
BRDA:15,0,3,2
BRDA:15,0,4,2
BRDA:15,0,5,0
BRDA:15,0,6,0
BRDA:15,0,7,0
BRDA:15,0,8,0
BRDA:15,0,9,0
BRDA:15,0,10,0
BRDA:15,0,11,10
BRDA:15,0,12,0
BRDA:15,0,13,0
BRDA:15,0,14,0
BRDA:15,0,15,0
BRDA:15,0,16,0
BRDA:15,0,17,0
BRDA:15,0,18,0
BRDA:15,0,19,0
BRDA:15,0,20,0
BRDA:15,0,21,0
BRDA:15,0,22,8
BRDA:15,0,23,0
BRDA:15,0,24,2
BRDA:15,0,25,2
BRDA:15,0,26,10
BRDA:15,0,27,10
BRDA:15,0,28,10
BRDA:15,0,29,10
BRDA:15,0,30,10
BRDA:15,0,31,10
DA:31,2002
DA:32,2000
BRDA:32,0,0,2000
BRDA:32,0,1,2
BRDA:32,0,2,2000
BRDA:32,0,3,2
DA:34,62
BRDA:34,0,0,2
BRDA:34,0,1,62
DA:35,62
DA:38,2000
DA:40,1986
BRDA:40,0,0,14
BRDA:40,0,1,1986
BRDA:40,0,2,1983
BRDA:40,0,3,1985
BRDA:40,0,4,14
DA:41,14
BRF:122
BRH:41
end_of_record
SF:src/riscv_singlecycle.sv
DA:7,4004
DA:8,1
DA:9,1
BRDA:9,0,0,1
BRDA:9,0,1,0
BRDA:9,0,2,0
BRDA:9,0,3,0
BRDA:9,0,4,0
BRDA:9,0,5,0
BRDA:9,0,6,0
BRDA:9,0,7,0
BRDA:9,0,8,0
BRDA:9,0,9,0
BRDA:9,0,10,0
BRDA:9,0,11,0
BRDA:9,0,12,0
BRDA:9,0,13,0
BRDA:9,0,14,0
BRDA:9,0,15,0
BRDA:9,0,16,0
BRDA:9,0,17,0
BRDA:9,0,18,0
BRDA:9,0,19,0
BRDA:9,0,20,0
BRDA:9,0,21,0
BRDA:9,0,22,0
BRDA:9,0,23,0
BRDA:9,0,24,0
BRDA:9,0,25,1
BRDA:9,0,26,0
BRDA:9,0,27,0
BRDA:9,0,28,0
BRDA:9,0,29,0
BRDA:9,0,30,0
BRDA:9,0,31,0
DA:10,1
DA:11,0
BRDA:11,0,0,0
BRDA:11,0,1,0
BRDA:11,0,2,0
BRDA:11,0,3,0
BRDA:11,0,4,0
BRDA:11,0,5,0
BRDA:11,0,6,0
BRDA:11,0,7,0
BRDA:11,0,8,0
BRDA:11,0,9,0
BRDA:11,0,10,0
BRDA:11,0,11,0
BRDA:11,0,12,0
BRDA:11,0,13,0
BRDA:11,0,14,0
BRDA:11,0,15,0
BRDA:11,0,16,0
BRDA:11,0,17,0
BRDA:11,0,18,0
BRDA:11,0,19,0
BRDA:11,0,20,0
BRDA:11,0,21,0
BRDA:11,0,22,0
BRDA:11,0,23,0
BRDA:11,0,24,0
BRDA:11,0,25,0
BRDA:11,0,26,0
BRDA:11,0,27,0
BRDA:11,0,28,0
BRDA:11,0,29,0
BRDA:11,0,30,0
BRDA:11,0,31,0
DA:12,1998
BRDA:12,0,0,0
BRDA:12,0,1,7
BRDA:12,0,2,3
BRDA:12,0,3,1
BRDA:12,0,4,0
BRDA:12,0,5,0
BRDA:12,0,6,0
BRDA:12,0,7,0
BRDA:12,0,8,0
BRDA:12,0,9,0
BRDA:12,0,10,0
BRDA:12,0,11,0
BRDA:12,0,12,0
BRDA:12,0,13,0
BRDA:12,0,14,0
BRDA:12,0,15,0
BRDA:12,0,16,0
BRDA:12,0,17,0
BRDA:12,0,18,0
BRDA:12,0,19,0
BRDA:12,0,20,0
BRDA:12,0,21,0
BRDA:12,0,22,1998
BRDA:12,0,23,0
BRDA:12,0,24,1
BRDA:12,0,25,1001
BRDA:12,0,26,500
BRDA:12,0,27,250
BRDA:12,0,28,125
BRDA:12,0,29,62
BRDA:12,0,30,31
BRDA:12,0,31,15
DA:13,14
BRDA:13,0,0,8
BRDA:13,0,1,6
BRDA:13,0,2,0
BRDA:13,0,3,0
BRDA:13,0,4,6
BRDA:13,0,5,6
BRDA:13,0,6,6
BRDA:13,0,7,2
BRDA:13,0,8,12
BRDA:13,0,9,2
BRDA:13,0,10,2
BRDA:13,0,11,8
BRDA:13,0,12,14
BRDA:13,0,13,10
BRDA:13,0,14,10
BRDA:13,0,15,2
BRDA:13,0,16,4
BRDA:13,0,17,6
BRDA:13,0,18,4
BRDA:13,0,19,2
BRDA:13,0,20,2
BRDA:13,0,21,2
BRDA:13,0,22,6
BRDA:13,0,23,2
BRDA:13,0,24,2
BRDA:13,0,25,4
BRDA:13,0,26,4
BRDA:13,0,27,4
BRDA:13,0,28,10
BRDA:13,0,29,8
BRDA:13,0,30,8
BRDA:13,0,31,10
DA:14,8
BRDA:14,0,0,8
BRDA:14,0,1,8
BRDA:14,0,2,6
BRDA:14,0,3,2
BRDA:14,0,4,0
DA:15,14
BRDA:15,0,0,14
BRDA:15,0,1,10
BRDA:15,0,2,10
BRDA:15,0,3,4
BRDA:15,0,4,2
BRDA:15,0,5,0
BRDA:15,0,6,0
BRDA:15,0,7,0
BRDA:15,0,8,0
BRDA:15,0,9,0
BRDA:15,0,10,0
BRDA:15,0,11,8
BRDA:15,0,12,0
BRDA:15,0,13,0
BRDA:15,0,14,0
BRDA:15,0,15,0
BRDA:15,0,16,0
BRDA:15,0,17,0
BRDA:15,0,18,0
BRDA:15,0,19,0
BRDA:15,0,20,0
BRDA:15,0,21,0
BRDA:15,0,22,8
BRDA:15,0,23,0
BRDA:15,0,24,4
BRDA:15,0,25,6
BRDA:15,0,26,10
BRDA:15,0,27,8
BRDA:15,0,28,8
BRDA:15,0,29,10
BRDA:15,0,30,10
BRDA:15,0,31,10
DA:16,12
BRDA:16,0,0,12
BRDA:16,0,1,10
BRDA:16,0,2,10
BRDA:16,0,3,2
BRDA:16,0,4,2
BRDA:16,0,5,0
BRDA:16,0,6,0
BRDA:16,0,7,0
BRDA:16,0,8,0
BRDA:16,0,9,0
BRDA:16,0,10,0
BRDA:16,0,11,8
BRDA:16,0,12,0
BRDA:16,0,13,0
BRDA:16,0,14,0
BRDA:16,0,15,0
BRDA:16,0,16,0
BRDA:16,0,17,0
BRDA:16,0,18,0
BRDA:16,0,19,0
BRDA:16,0,20,0
BRDA:16,0,21,0
BRDA:16,0,22,10
BRDA:16,0,23,0
BRDA:16,0,24,8
BRDA:16,0,25,6
BRDA:16,0,26,8
BRDA:16,0,27,10
BRDA:16,0,28,8
BRDA:16,0,29,10
BRDA:16,0,30,10
BRDA:16,0,31,10
DA:17,4
BRDA:17,0,0,4
BRDA:17,0,1,4
BRDA:17,0,2,4
BRDA:17,0,3,0
BRDA:17,0,4,2
BRDA:17,0,5,0
BRDA:17,0,6,0
BRDA:17,0,7,0
BRDA:17,0,8,0
BRDA:17,0,9,0
BRDA:17,0,10,0
BRDA:17,0,11,2
BRDA:17,0,12,0
BRDA:17,0,13,0
BRDA:17,0,14,0
BRDA:17,0,15,0
BRDA:17,0,16,0
BRDA:17,0,17,0
BRDA:17,0,18,0
BRDA:17,0,19,0
BRDA:17,0,20,0
BRDA:17,0,21,0
BRDA:17,0,22,2
BRDA:17,0,23,0
BRDA:17,0,24,0
BRDA:17,0,25,2
BRDA:17,0,26,4
BRDA:17,0,27,2
BRDA:17,0,28,4
BRDA:17,0,29,4
BRDA:17,0,30,4
BRDA:17,0,31,4
DA:18,4
DA:29,1
DA:30,1
DA:31,1
DA:40,1998
BRDA:40,0,0,0
BRDA:40,0,1,7
BRDA:40,0,2,3
BRDA:40,0,3,1
BRDA:40,0,4,0
BRDA:40,0,5,0
BRDA:40,0,6,0
BRDA:40,0,7,0
BRDA:40,0,8,0
BRDA:40,0,9,0
BRDA:40,0,10,0
BRDA:40,0,11,0
BRDA:40,0,12,0
BRDA:40,0,13,0
BRDA:40,0,14,0
BRDA:40,0,15,0
BRDA:40,0,16,0
BRDA:40,0,17,0
BRDA:40,0,18,0
BRDA:40,0,19,0
BRDA:40,0,20,0
BRDA:40,0,21,0
BRDA:40,0,22,1998
BRDA:40,0,23,0
BRDA:40,0,24,1
BRDA:40,0,25,1001
BRDA:40,0,26,500
BRDA:40,0,27,250
BRDA:40,0,28,125
BRDA:40,0,29,62
BRDA:40,0,30,31
BRDA:40,0,31,15
DA:41,1999
BRDA:41,0,0,0
BRDA:41,0,1,7
BRDA:41,0,2,3
BRDA:41,0,3,1
BRDA:41,0,4,0
BRDA:41,0,5,0
BRDA:41,0,6,0
BRDA:41,0,7,0
BRDA:41,0,8,0
BRDA:41,0,9,0
BRDA:41,0,10,0
BRDA:41,0,11,0
BRDA:41,0,12,0
BRDA:41,0,13,0
BRDA:41,0,14,0
BRDA:41,0,15,0
BRDA:41,0,16,0
BRDA:41,0,17,0
BRDA:41,0,18,0
BRDA:41,0,19,0
BRDA:41,0,20,0
BRDA:41,0,21,0
BRDA:41,0,22,1999
BRDA:41,0,23,0
BRDA:41,0,24,1
BRDA:41,0,25,1001
BRDA:41,0,26,500
BRDA:41,0,27,250
BRDA:41,0,28,125
BRDA:41,0,29,62
BRDA:41,0,30,31
BRDA:41,0,31,15
DA:42,14
BRDA:42,0,0,8
BRDA:42,0,1,6
BRDA:42,0,2,0
BRDA:42,0,3,0
BRDA:42,0,4,6
BRDA:42,0,5,6
BRDA:42,0,6,6
BRDA:42,0,7,2
BRDA:42,0,8,12
BRDA:42,0,9,2
BRDA:42,0,10,2
BRDA:42,0,11,8
BRDA:42,0,12,14
BRDA:42,0,13,10
BRDA:42,0,14,10
BRDA:42,0,15,2
BRDA:42,0,16,4
BRDA:42,0,17,6
BRDA:42,0,18,4
BRDA:42,0,19,2
BRDA:42,0,20,2
BRDA:42,0,21,2
BRDA:42,0,22,6
BRDA:42,0,23,2
BRDA:42,0,24,2
BRDA:42,0,25,4
BRDA:42,0,26,4
BRDA:42,0,27,4
BRDA:42,0,28,10
BRDA:42,0,29,8
BRDA:42,0,30,8
BRDA:42,0,31,10
DA:45,2002
DA:46,2000
BRDA:46,0,0,2000
BRDA:46,0,1,2
BRDA:46,0,2,2000
BRDA:46,0,3,2
DA:47,2000
DA:57,14
BRDA:57,0,0,8
BRDA:57,0,1,10
BRDA:57,0,2,6
BRDA:57,0,3,0
BRDA:57,0,4,0
BRDA:57,0,5,14
BRDA:57,0,6,10
BRDA:57,0,7,10
BRDA:57,0,8,2
BRDA:57,0,9,4
BRDA:57,0,10,8
BRDA:57,0,11,8
BRDA:57,0,12,6
BRDA:57,0,13,4
BRDA:57,0,14,4
DA:58,6
BRDA:58,0,0,4
BRDA:58,0,1,2
BRDA:58,0,2,2
BRDA:58,0,3,2
BRDA:58,0,4,2
BRDA:58,0,5,2
BRDA:58,0,6,2
BRDA:58,0,7,2
BRDA:58,0,8,2
BRDA:58,0,9,2
BRDA:58,0,10,2
BRDA:58,0,11,2
BRDA:58,0,12,2
BRDA:58,0,13,2
BRDA:58,0,14,2
BRDA:58,0,15,2
BRDA:58,0,16,2
BRDA:58,0,17,2
BRDA:58,0,18,2
BRDA:58,0,19,2
BRDA:58,0,20,2
BRDA:58,0,21,2
BRDA:58,0,22,6
BRDA:58,0,23,2
BRDA:58,0,24,2
BRDA:58,0,25,4
BRDA:58,0,26,6
BRDA:58,0,27,6
BRDA:58,0,28,4
BRDA:58,0,29,2
BRDA:58,0,30,2
BRDA:58,0,31,2
DA:59,10
BRDA:59,0,0,10
BRDA:59,0,1,8
BRDA:59,0,2,0
BRDA:59,0,3,4
BRDA:59,0,4,4
BRDA:59,0,5,2
BRDA:59,0,6,0
DA:60,4
BRDA:60,0,0,4
BRDA:60,0,1,4
DA:61,6
BRDA:61,0,0,2
BRDA:61,0,1,6
BRDA:61,0,2,2
BRDA:61,0,3,6
DA:62,10
BRDA:62,0,0,4
BRDA:62,0,1,10
BRDA:62,0,2,8
DA:63,4
BRDA:63,0,0,0
BRDA:63,0,1,0
BRDA:63,0,2,4
DA:90,14
BRDA:90,0,0,10
BRDA:90,0,1,12
BRDA:90,0,2,12
BRDA:90,0,3,8
BRDA:90,0,4,0
BRDA:90,0,5,0
BRDA:90,0,6,0
BRDA:90,0,7,0
BRDA:90,0,8,0
BRDA:90,0,9,0
BRDA:90,0,10,0
BRDA:90,0,11,10
BRDA:90,0,12,0
BRDA:90,0,13,0
BRDA:90,0,14,0
BRDA:90,0,15,0
BRDA:90,0,16,0
BRDA:90,0,17,0
BRDA:90,0,18,0
BRDA:90,0,19,0
BRDA:90,0,20,0
BRDA:90,0,21,0
BRDA:90,0,22,8
BRDA:90,0,23,0
BRDA:90,0,24,10
BRDA:90,0,25,2
BRDA:90,0,26,12
BRDA:90,0,27,12
BRDA:90,0,28,12
BRDA:90,0,29,12
BRDA:90,0,30,12
BRDA:90,0,31,12
BRDA:90,0,32,8
BRDA:90,0,33,10
BRDA:90,0,34,10
BRDA:90,0,35,2
BRDA:90,0,36,2
BRDA:90,0,37,0
BRDA:90,0,38,0
BRDA:90,0,39,0
BRDA:90,0,40,0
BRDA:90,0,41,0
BRDA:90,0,42,0
BRDA:90,0,43,10
BRDA:90,0,44,0
BRDA:90,0,45,0
BRDA:90,0,46,0
BRDA:90,0,47,0
BRDA:90,0,48,0
BRDA:90,0,49,0
BRDA:90,0,50,0
BRDA:90,0,51,0
BRDA:90,0,52,0
BRDA:90,0,53,0
BRDA:90,0,54,8
BRDA:90,0,55,0
BRDA:90,0,56,2
BRDA:90,0,57,2
BRDA:90,0,58,10
BRDA:90,0,59,10
BRDA:90,0,60,10
BRDA:90,0,61,10
BRDA:90,0,62,10
BRDA:90,0,63,10
BRDA:90,0,64,14
BRDA:90,0,65,10
BRDA:90,0,66,10
BRDA:90,0,67,6
BRDA:90,0,68,2
BRDA:90,0,69,0
BRDA:90,0,70,0
BRDA:90,0,71,0
BRDA:90,0,72,0
BRDA:90,0,73,0
BRDA:90,0,74,0
BRDA:90,0,75,8
BRDA:90,0,76,0
BRDA:90,0,77,0
BRDA:90,0,78,0
BRDA:90,0,79,0
BRDA:90,0,80,0
BRDA:90,0,81,0
BRDA:90,0,82,0
BRDA:90,0,83,0
BRDA:90,0,84,0
BRDA:90,0,85,0
BRDA:90,0,86,10
BRDA:90,0,87,0
BRDA:90,0,88,10
BRDA:90,0,89,6
BRDA:90,0,90,8
BRDA:90,0,91,10
BRDA:90,0,92,6
BRDA:90,0,93,10
BRDA:90,0,94,10
BRDA:90,0,95,10
DA:108,12
BRDA:108,0,0,10
BRDA:108,0,1,12
BRDA:108,0,2,12
BRDA:108,0,3,8
BRDA:108,0,4,0
BRDA:108,0,5,0
BRDA:108,0,6,0
BRDA:108,0,7,0
BRDA:108,0,8,0
BRDA:108,0,9,0
BRDA:108,0,10,0
BRDA:108,0,11,10
BRDA:108,0,12,0
BRDA:108,0,13,0
BRDA:108,0,14,0
BRDA:108,0,15,0
BRDA:108,0,16,0
BRDA:108,0,17,0
BRDA:108,0,18,0
BRDA:108,0,19,0
BRDA:108,0,20,0
BRDA:108,0,21,0
BRDA:108,0,22,8
BRDA:108,0,23,0
BRDA:108,0,24,10
BRDA:108,0,25,2
BRDA:108,0,26,12
BRDA:108,0,27,12
BRDA:108,0,28,12
BRDA:108,0,29,12
BRDA:108,0,30,12
BRDA:108,0,31,12
BRDA:108,0,32,8
BRDA:108,0,33,10
BRDA:108,0,34,10
BRDA:108,0,35,4
BRDA:108,0,36,2
BRDA:108,0,37,2
BRDA:108,0,38,2
BRDA:108,0,39,2
BRDA:108,0,40,2
BRDA:108,0,41,2
BRDA:108,0,42,2
BRDA:108,0,43,10
BRDA:108,0,44,2
BRDA:108,0,45,2
BRDA:108,0,46,2
BRDA:108,0,47,2
BRDA:108,0,48,2
BRDA:108,0,49,2
BRDA:108,0,50,2
BRDA:108,0,51,2
BRDA:108,0,52,2
BRDA:108,0,53,2
BRDA:108,0,54,6
BRDA:108,0,55,2
BRDA:108,0,56,4
BRDA:108,0,57,2
BRDA:108,0,58,8
BRDA:108,0,59,10
BRDA:108,0,60,10
BRDA:108,0,61,10
BRDA:108,0,62,10
BRDA:108,0,63,10
BRDA:108,0,64,12
BRDA:108,0,65,10
BRDA:108,0,66,10
BRDA:108,0,67,2
BRDA:108,0,68,2
BRDA:108,0,69,0
BRDA:108,0,70,0
BRDA:108,0,71,0
BRDA:108,0,72,0
BRDA:108,0,73,0
BRDA:108,0,74,0
BRDA:108,0,75,8
BRDA:108,0,76,0
BRDA:108,0,77,0
BRDA:108,0,78,0
BRDA:108,0,79,0
BRDA:108,0,80,0
BRDA:108,0,81,0
BRDA:108,0,82,0
BRDA:108,0,83,0
BRDA:108,0,84,0
BRDA:108,0,85,0
BRDA:108,0,86,10
BRDA:108,0,87,0
BRDA:108,0,88,8
BRDA:108,0,89,6
BRDA:108,0,90,8
BRDA:108,0,91,10
BRDA:108,0,92,8
BRDA:108,0,93,10
BRDA:108,0,94,10
BRDA:108,0,95,10
DA:109,7
DA:128,2
DA:131,2003
DA:132,2003
DA:133,2001
BRDA:133,0,0,2001
BRDA:133,0,1,2
DA:134,2
DA:135,2
DA:136,0
DA:137,0
DA:138,0
DA:139,0
DA:140,0
DA:141,0
DA:147,2003
DA:148,0
DA:149,0
DA:150,2001
BRDA:150,0,0,2
BRDA:150,0,1,2001
BRDA:150,0,2,1
BRDA:150,0,3,2001
BRDA:150,0,4,1
DA:151,2
DA:153,2001
DA:160,2
BRDA:160,0,0,2
BRDA:160,0,1,2
BRDA:160,0,2,2
BRDA:160,0,3,0
BRDA:160,0,4,0
BRDA:160,0,5,0
BRDA:160,0,6,0
BRDA:160,0,7,0
BRDA:160,0,8,0
BRDA:160,0,9,0
BRDA:160,0,10,0
BRDA:160,0,11,2
BRDA:160,0,12,0
BRDA:160,0,13,0
BRDA:160,0,14,0
BRDA:160,0,15,0
BRDA:160,0,16,0
BRDA:160,0,17,0
BRDA:160,0,18,0
BRDA:160,0,19,0
BRDA:160,0,20,0
BRDA:160,0,21,0
BRDA:160,0,22,0
BRDA:160,0,23,0
BRDA:160,0,24,0
BRDA:160,0,25,0
BRDA:160,0,26,2
BRDA:160,0,27,2
BRDA:160,0,28,2
BRDA:160,0,29,2
BRDA:160,0,30,2
BRDA:160,0,31,2
DA:161,2
BRDA:161,0,0,2
BRDA:161,0,1,2
BRDA:161,0,2,2
BRDA:161,0,3,0
BRDA:161,0,4,0
BRDA:161,0,5,0
BRDA:161,0,6,0
BRDA:161,0,7,0
BRDA:161,0,8,0
BRDA:161,0,9,0
BRDA:161,0,10,0
BRDA:161,0,11,2
BRDA:161,0,12,0
BRDA:161,0,13,0
BRDA:161,0,14,0
BRDA:161,0,15,0
BRDA:161,0,16,0
BRDA:161,0,17,0
BRDA:161,0,18,0
BRDA:161,0,19,0
BRDA:161,0,20,0
BRDA:161,0,21,0
BRDA:161,0,22,0
BRDA:161,0,23,0
BRDA:161,0,24,0
BRDA:161,0,25,0
BRDA:161,0,26,2
BRDA:161,0,27,2
BRDA:161,0,28,2
BRDA:161,0,29,2
BRDA:161,0,30,2
BRDA:161,0,31,2
DA:167,2003
DA:168,2003
DA:169,2003
DA:170,1993
DA:171,1985
BRDA:171,0,0,1985
BRDA:171,0,1,8
DA:172,1989
BRDA:172,0,0,4
BRDA:172,0,1,1989
DA:173,1992
BRDA:173,0,0,1
BRDA:173,0,1,1992
DA:174,1990
BRDA:174,0,0,3
BRDA:174,0,1,1990
DA:176,2
DA:177,2
BRDA:177,0,0,2
BRDA:177,0,1,0
DA:178,2
BRDA:178,0,0,0
BRDA:178,0,1,2
DA:179,2
BRDA:179,0,0,0
BRDA:179,0,1,2
DA:180,2
BRDA:180,0,0,0
BRDA:180,0,1,2
DA:182,1
DA:183,1
BRDA:183,0,0,1
BRDA:183,0,1,0
DA:184,1
BRDA:184,0,0,0
BRDA:184,0,1,1
DA:186,0
DA:187,0
BRDA:187,0,0,0
BRDA:187,0,1,0
DA:188,0
BRDA:188,0,0,0
BRDA:188,0,1,0
DA:190,7
DA:195,2003
DA:196,2003
DA:197,2000
DA:198,1
DA:199,1
DA:200,1
DA:201,0
DA:206,4
BRDA:206,0,0,4
BRDA:206,0,1,4
BRDA:206,0,2,4
BRDA:206,0,3,0
BRDA:206,0,4,2
BRDA:206,0,5,0
BRDA:206,0,6,0
BRDA:206,0,7,0
BRDA:206,0,8,0
BRDA:206,0,9,0
BRDA:206,0,10,0
BRDA:206,0,11,2
BRDA:206,0,12,0
BRDA:206,0,13,0
BRDA:206,0,14,0
BRDA:206,0,15,0
BRDA:206,0,16,0
BRDA:206,0,17,0
BRDA:206,0,18,0
BRDA:206,0,19,0
BRDA:206,0,20,0
BRDA:206,0,21,0
BRDA:206,0,22,2
BRDA:206,0,23,0
BRDA:206,0,24,0
BRDA:206,0,25,2
BRDA:206,0,26,4
BRDA:206,0,27,2
BRDA:206,0,28,4
BRDA:206,0,29,4
BRDA:206,0,30,4
BRDA:206,0,31,4
DA:208,2003
DA:209,2003
DA:210,2001
BRDA:210,0,0,2001
BRDA:210,0,1,2
DA:211,2
DA:212,0
DA:213,0
BRDA:213,0,0,0
BRDA:213,0,1,0
DA:214,0
BRDA:214,0,0,0
BRDA:214,0,1,0
DA:215,0
BRDA:215,0,0,0
BRDA:215,0,1,0
DA:216,0
BRDA:216,0,0,0
BRDA:216,0,1,0
DA:218,0
DA:219,0
BRDA:219,0,0,0
BRDA:219,0,1,0
DA:220,0
BRDA:220,0,0,0
BRDA:220,0,1,0
DA:222,2
DA:228,2002
DA:229,2000
BRDA:229,0,0,2000
BRDA:229,0,1,2
DA:230,2
BRF:730
BRH:124
end_of_record
SF:tb/tb.sv
DA:3,1
BRDA:3,0,0,1
BRDA:3,0,1,0
BRDA:3,0,2,0
BRDA:3,0,3,0
BRDA:3,0,4,0
BRDA:3,0,5,0
BRDA:3,0,6,0
BRDA:3,0,7,0
BRDA:3,0,8,0
BRDA:3,0,9,0
BRDA:3,0,10,0
BRDA:3,0,11,0
BRDA:3,0,12,0
BRDA:3,0,13,0
BRDA:3,0,14,0
BRDA:3,0,15,0
BRDA:3,0,16,0
BRDA:3,0,17,0
BRDA:3,0,18,0
BRDA:3,0,19,0
BRDA:3,0,20,0
BRDA:3,0,21,0
BRDA:3,0,22,0
BRDA:3,0,23,0
BRDA:3,0,24,0
BRDA:3,0,25,1
BRDA:3,0,26,0
BRDA:3,0,27,0
BRDA:3,0,28,0
BRDA:3,0,29,0
BRDA:3,0,30,0
BRDA:3,0,31,0
DA:4,0
BRDA:4,0,0,0
BRDA:4,0,1,0
BRDA:4,0,2,0
BRDA:4,0,3,0
BRDA:4,0,4,0
BRDA:4,0,5,0
BRDA:4,0,6,0
BRDA:4,0,7,0
BRDA:4,0,8,0
BRDA:4,0,9,0
BRDA:4,0,10,0
BRDA:4,0,11,0
BRDA:4,0,12,0
BRDA:4,0,13,0
BRDA:4,0,14,0
BRDA:4,0,15,0
BRDA:4,0,16,0
BRDA:4,0,17,0
BRDA:4,0,18,0
BRDA:4,0,19,0
BRDA:4,0,20,0
BRDA:4,0,21,0
BRDA:4,0,22,0
BRDA:4,0,23,0
BRDA:4,0,24,0
BRDA:4,0,25,0
BRDA:4,0,26,0
BRDA:4,0,27,0
BRDA:4,0,28,0
BRDA:4,0,29,0
BRDA:4,0,30,0
BRDA:4,0,31,0
DA:5,1998
BRDA:5,0,0,0
BRDA:5,0,1,7
BRDA:5,0,2,3
BRDA:5,0,3,1
BRDA:5,0,4,0
BRDA:5,0,5,0
BRDA:5,0,6,0
BRDA:5,0,7,0
BRDA:5,0,8,0
BRDA:5,0,9,0
BRDA:5,0,10,0
BRDA:5,0,11,0
BRDA:5,0,12,0
BRDA:5,0,13,0
BRDA:5,0,14,0
BRDA:5,0,15,0
BRDA:5,0,16,0
BRDA:5,0,17,0
BRDA:5,0,18,0
BRDA:5,0,19,0
BRDA:5,0,20,0
BRDA:5,0,21,0
BRDA:5,0,22,1998
BRDA:5,0,23,0
BRDA:5,0,24,1
BRDA:5,0,25,1001
BRDA:5,0,26,500
BRDA:5,0,27,250
BRDA:5,0,28,125
BRDA:5,0,29,62
BRDA:5,0,30,31
BRDA:5,0,31,15
DA:6,14
BRDA:6,0,0,8
BRDA:6,0,1,6
BRDA:6,0,2,0
BRDA:6,0,3,0
BRDA:6,0,4,6
BRDA:6,0,5,6
BRDA:6,0,6,6
BRDA:6,0,7,2
BRDA:6,0,8,12
BRDA:6,0,9,2
BRDA:6,0,10,2
BRDA:6,0,11,8
BRDA:6,0,12,14
BRDA:6,0,13,10
BRDA:6,0,14,10
BRDA:6,0,15,2
BRDA:6,0,16,4
BRDA:6,0,17,6
BRDA:6,0,18,4
BRDA:6,0,19,2
BRDA:6,0,20,2
BRDA:6,0,21,2
BRDA:6,0,22,6
BRDA:6,0,23,2
BRDA:6,0,24,2
BRDA:6,0,25,4
BRDA:6,0,26,4
BRDA:6,0,27,4
BRDA:6,0,28,10
BRDA:6,0,29,8
BRDA:6,0,30,8
BRDA:6,0,31,10
DA:7,14
BRDA:7,0,0,2
BRDA:7,0,1,4
BRDA:7,0,2,4
BRDA:7,0,3,4
BRDA:7,0,4,10
BRDA:7,0,5,2
BRDA:7,0,6,8
BRDA:7,0,7,10
BRDA:7,0,8,6
BRDA:7,0,9,0
BRDA:7,0,10,0
BRDA:7,0,11,2
BRDA:7,0,12,14
BRDA:7,0,13,10
BRDA:7,0,14,10
BRDA:7,0,15,2
BRDA:7,0,16,4
BRDA:7,0,17,6
BRDA:7,0,18,4
BRDA:7,0,19,2
BRDA:7,0,20,2
BRDA:7,0,21,2
BRDA:7,0,22,4
BRDA:7,0,23,4
BRDA:7,0,24,2
BRDA:7,0,25,2
BRDA:7,0,26,12
BRDA:7,0,27,6
BRDA:7,0,28,6
BRDA:7,0,29,8
BRDA:7,0,30,8
BRDA:7,0,31,6
DA:8,8
BRDA:8,0,0,8
BRDA:8,0,1,8
BRDA:8,0,2,6
BRDA:8,0,3,2
BRDA:8,0,4,0
DA:9,14
BRDA:9,0,0,14
BRDA:9,0,1,10
BRDA:9,0,2,10
BRDA:9,0,3,4
BRDA:9,0,4,2
BRDA:9,0,5,0
BRDA:9,0,6,0
BRDA:9,0,7,0
BRDA:9,0,8,0
BRDA:9,0,9,0
BRDA:9,0,10,0
BRDA:9,0,11,8
BRDA:9,0,12,0
BRDA:9,0,13,0
BRDA:9,0,14,0
BRDA:9,0,15,0
BRDA:9,0,16,0
BRDA:9,0,17,0
BRDA:9,0,18,0
BRDA:9,0,19,0
BRDA:9,0,20,0
BRDA:9,0,21,0
BRDA:9,0,22,8
BRDA:9,0,23,0
BRDA:9,0,24,4
BRDA:9,0,25,6
BRDA:9,0,26,10
BRDA:9,0,27,8
BRDA:9,0,28,8
BRDA:9,0,29,10
BRDA:9,0,30,10
BRDA:9,0,31,10
DA:10,12
BRDA:10,0,0,12
BRDA:10,0,1,10
BRDA:10,0,2,10
BRDA:10,0,3,2
BRDA:10,0,4,2
BRDA:10,0,5,0
BRDA:10,0,6,0
BRDA:10,0,7,0
BRDA:10,0,8,0
BRDA:10,0,9,0
BRDA:10,0,10,0
BRDA:10,0,11,8
BRDA:10,0,12,0
BRDA:10,0,13,0
BRDA:10,0,14,0
BRDA:10,0,15,0
BRDA:10,0,16,0
BRDA:10,0,17,0
BRDA:10,0,18,0
BRDA:10,0,19,0
BRDA:10,0,20,0
BRDA:10,0,21,0
BRDA:10,0,22,10
BRDA:10,0,23,0
BRDA:10,0,24,8
BRDA:10,0,25,6
BRDA:10,0,26,8
BRDA:10,0,27,10
BRDA:10,0,28,8
BRDA:10,0,29,10
BRDA:10,0,30,10
BRDA:10,0,31,10
DA:11,4
BRDA:11,0,0,4
BRDA:11,0,1,4
BRDA:11,0,2,4
BRDA:11,0,3,0
BRDA:11,0,4,2
BRDA:11,0,5,0
BRDA:11,0,6,0
BRDA:11,0,7,0
BRDA:11,0,8,0
BRDA:11,0,9,0
BRDA:11,0,10,0
BRDA:11,0,11,2
BRDA:11,0,12,0
BRDA:11,0,13,0
BRDA:11,0,14,0
BRDA:11,0,15,0
BRDA:11,0,16,0
BRDA:11,0,17,0
BRDA:11,0,18,0
BRDA:11,0,19,0
BRDA:11,0,20,0
BRDA:11,0,21,0
BRDA:11,0,22,2
BRDA:11,0,23,0
BRDA:11,0,24,0
BRDA:11,0,25,2
BRDA:11,0,26,4
BRDA:11,0,27,2
BRDA:11,0,28,4
BRDA:11,0,29,4
BRDA:11,0,30,4
BRDA:11,0,31,4
DA:12,1
DA:13,4
DA:14,4004
DA:15,1
DA:38,0
DA:39,0
DA:40,0
DA:41,2000
DA:42,1999
BRDA:42,0,0,1999
BRDA:42,0,1,1
DA:43,1986
BRDA:43,0,0,14
BRDA:43,0,1,1986
DA:44,1986
DA:45,14
DA:46,14
BRDA:46,0,0,0
BRDA:46,0,1,14
DA:47,0
DA:48,14
DA:49,14
DA:52,1998
BRDA:52,0,0,1998
BRDA:52,0,1,2
DA:53,2
DA:55,1999
DA:56,1999
DA:57,1
DA:60,0
DA:61,2002
DA:62,2002
DA:63,2002
DA:64,2002
DA:65,2002
DA:67,1
DA:68,1
DA:69,1
DA:70,1
DA:71,1
DA:72,10
BRDA:72,0,0,1
BRDA:72,0,1,10
DA:73,10
DA:74,10
DA:76,1
DA:80,1
DA:81,1
DA:82,1
BRF:271
BRH:41
end_of_record
